<?xml version="1.0" encoding="UTF-8"?>
<!-- Generated by org.testng.reporters.JUnitXMLReporter -->
<testsuite ignored="0" hostname="TYSS-Chaithra" failures="0" tests="1" name="Test-Runner-Firefox" time="39.498" errors="0" timestamp="2024-03-13T11:26:47 IST">
  <testcase classname="contactsTests.CreateNewContactTest" name="createContactWithMandatoryfields" time="19.519"/>
</testsuite> <!-- Test-Runner-Firefox -->
