<?xml version="1.0" encoding="UTF-8"?>
<!-- Generated by org.testng.reporters.JUnitXMLReporter -->
<testsuite ignored="0" hostname="TYSS-Chaithra" failures="0" tests="1" name="Test-Runner-1" time="42.374" errors="0" timestamp="2024-03-13T10:37:28 IST">
  <testcase classname="contactsTests.CreateNewContactTest" name="createContactWithMandatoryfields" time="24.002"/>
</testsuite> <!-- Test-Runner-1 -->
