<?xml version="1.0" encoding="UTF-8"?>
<!-- Generated by org.testng.reporters.JUnitXMLReporter -->
<testsuite ignored="0" hostname="TYSS-Chaithra" failures="0" tests="1" name="Test- Runner-Edge" time="42.26" errors="0" timestamp="2024-03-13T11:26:49 IST">
  <testcase classname="contactsTests.CreateNewContactTest" name="createContactWithMandatoryfields" time="24.248"/>
</testsuite> <!-- Test- Runner-Edge -->
