<?xml version="1.0" encoding="UTF-8"?>
<!-- Generated by org.testng.reporters.JUnitReportReporter -->
<testsuite hostname="TYSS-Chaithra" failures="0" tests="1" name="contactsTests.CreateContactWithLeadSourceTest" time="35.646" errors="0" timestamp="2024-03-13T10:37:30 IST" skipped="0">
  <testcase classname="contactsTests.CreateContactWithLeadSourceTest" name="createContactWithLead" time="35.646"/>
  <system-out/>
</testsuite> <!-- contactsTests.CreateContactWithLeadSourceTest -->
